C51 COMPILER V9.54   MAIN                                                                  03/02/2023 14:49:57 PAGE 1   


C51 COMPILER V9.54, COMPILATION OF MODULE MAIN
OBJECT MODULE PLACED IN .\Objects\main.obj
COMPILER INVOKED BY: D:\study\keil5\C51\BIN\C51.EXE main.c OPTIMIZE(8,SPEED) BROWSE DEBUG OBJECTEXTEND PRINT(.\Listings\
                    -main.lst) TABS(2) OBJECT(.\Objects\main.obj)

line level    source

   1          #include <REGX52.H>
   2          #include <INTRINS.H>
   3          void Delay1ms(unsigned int xms)   //@12.000MHz
   4          {
   5   1        while(xms){
   6   2          unsigned char i, j;
   7   2      
   8   2          i = 12;
   9   2          j = 169;
  10   2          do
  11   2          {
  12   3            while (--j);
  13   3          } while (--i);
  14   2          xms--;
  15   2        }
  16   1      
  17   1      }
  18          
  19          void main()
  20          {
  21   1        P2=0xFE;//1111 1110
  22   1        Delay1ms(500);
  23   1        P2=0xFD;//1111 1101
  24   1        Delay1ms(500);
  25   1        P2=0xFB;//1111 1011
  26   1        Delay1ms(500);
  27   1        P2=0xF7;//1111 0111
  28   1        Delay1ms(500);
  29   1        P2=0xEF;//1110 1111
  30   1        Delay1ms(500);
  31   1        P2=0xDF;//1101 1111
  32   1        Delay1ms(500);
  33   1        P2=0xBF;//1011 1111
  34   1        Delay1ms(500);
  35   1        P2=0x7F;//0111 1111
  36   1        Delay1ms(500);
  37   1      }


MODULE INFORMATION:   STATIC OVERLAYABLE
   CODE SIZE        =     80    ----
   CONSTANT SIZE    =   ----    ----
   XDATA SIZE       =   ----    ----
   PDATA SIZE       =   ----    ----
   DATA SIZE        =   ----       2
   IDATA SIZE       =   ----    ----
   BIT SIZE         =   ----    ----
END OF MODULE INFORMATION.


C51 COMPILATION COMPLETE.  0 WARNING(S),  0 ERROR(S)
