C51 COMPILER V9.54   MAIN                                                                  03/05/2023 17:04:23 PAGE 1   


C51 COMPILER V9.54, COMPILATION OF MODULE MAIN
OBJECT MODULE PLACED IN .\Objects\main.obj
COMPILER INVOKED BY: D:\study\keil5\C51\BIN\C51.EXE main.c OPTIMIZE(8,SPEED) BROWSE DEBUG OBJECTEXTEND PRINT(.\Listings\
                    -main.lst) TABS(2) OBJECT(.\Objects\main.obj)

line level    source

   1          #include <REGX52.H>
   2          void Delay(unsigned int xms)
   3          {
   4   1        unsigned char i, j;
   5   1      
   6   1        while(xms--)
   7   1        {
   8   2          i = 2;
   9   2          j = 239;
  10   2          do
  11   2          {
  12   3            while (--j);
  13   3          } while (--i);
  14   2        }
  15   1      
  16   1      }
  17          
  18          unsigned char NixieTable[]={0x3F,0x06,0x5B,0x4F,0x66,0x6D,0x7D,0x07,0x7F,0x6F};
  19          void Nixie(unsigned char Location,Num)
  20          {
  21   1        switch(Location)
  22   1        {
  23   2          case 1:P2_4=1;P2_3=1;P2_2=1;break;
  24   2          case 2:P2_4=1;P2_3=1;P2_2=0;break;
  25   2          case 3:P2_4=1;P2_3=0;P2_2=1;break;
  26   2          case 4:P2_4=1;P2_3=0;P2_2=0;break;
  27   2          case 5:P2_4=0;P2_3=1;P2_2=1;break;
  28   2          case 6:P2_4=0;P2_3=1;P2_2=0;break;
  29   2          case 7:P2_4=0;P2_3=0;P2_2=1;break;
  30   2          case 8:P2_4=0;P2_3=0;P2_2=0;break;
  31   2        }
  32   1        P0=NixieTable[Num];
  33   1        Delay(1);
  34   1        P0=0x00;
  35   1      }
  36          void main()
  37          {
  38   1      
  39   1        while(1)
  40   1        {
  41   2          Nixie(1,6);   
  42   2          Nixie(2,6); 
  43   2          Nixie(3,6); 
  44   2        }
  45   1      }


MODULE INFORMATION:   STATIC OVERLAYABLE
   CODE SIZE        =    155    ----
   CONSTANT SIZE    =   ----    ----
   XDATA SIZE       =   ----    ----
   PDATA SIZE       =   ----    ----
   DATA SIZE        =     10    ----
   IDATA SIZE       =   ----    ----
C51 COMPILER V9.54   MAIN                                                                  03/05/2023 17:04:23 PAGE 2   

   BIT SIZE         =   ----    ----
END OF MODULE INFORMATION.


C51 COMPILATION COMPLETE.  0 WARNING(S),  0 ERROR(S)
