C51 COMPILER V9.54   MAIN                                                                  03/02/2023 16:38:42 PAGE 1   


C51 COMPILER V9.54, COMPILATION OF MODULE MAIN
OBJECT MODULE PLACED IN .\Objects\main.obj
COMPILER INVOKED BY: D:\study\keil5\C51\BIN\C51.EXE main.c OPTIMIZE(8,SPEED) BROWSE DEBUG OBJECTEXTEND PRINT(.\Listings\
                    -main.lst) TABS(2) OBJECT(.\Objects\main.obj)

line level    source

   1          #include <REGX52.H>
   2          
   3          void Delay(xms)   //@12.000MHz
   4          {
   5   1        while(xms)
   6   1        {
   7   2              unsigned char i, j;
   8   2      
   9   2          i = 2;
  10   2          j = 239;
  11   2          do
  12   2          {
  13   3            while (--j);
  14   3          } while (--i);
  15   2          xms--;
  16   2        }
  17   1      
  18   1      }
  19          
  20          void main()
  21          {
  22   1        if(P3_1==0)
  23   1        {
  24   2          Delay(20);
  25   2          while(P3_1==0);
  26   2          P2_0=~P2_0;
  27   2        }
  28   1      }


MODULE INFORMATION:   STATIC OVERLAYABLE
   CODE SIZE        =     40    ----
   CONSTANT SIZE    =   ----    ----
   XDATA SIZE       =   ----    ----
   PDATA SIZE       =   ----    ----
   DATA SIZE        =   ----       2
   IDATA SIZE       =   ----    ----
   BIT SIZE         =   ----    ----
END OF MODULE INFORMATION.


C51 COMPILATION COMPLETE.  0 WARNING(S),  0 ERROR(S)
