C51 COMPILER V9.54   MAIN                                                                  03/07/2023 00:29:03 PAGE 1   


C51 COMPILER V9.54, COMPILATION OF MODULE MAIN
OBJECT MODULE PLACED IN .\Objects\MAIN.obj
COMPILER INVOKED BY: D:\study\keil5\C51\BIN\C51.EXE MAIN.c OPTIMIZE(8,SPEED) BROWSE DEBUG OBJECTEXTEND PRINT(.\Listings\
                    -MAIN.lst) TABS(2) OBJECT(.\Objects\MAIN.obj)

line level    source

   1          #include <REGX52.H>
   2          unsigned char NixieTable[]={0x3F,0x06,0x5B,0x4F,0x66,0x6D,0x7D,0x07,0x7F,0x6F};
   3          int Location,Num;
   4          void Delay(unsigned int xms)
   5          {
   6   1        unsigned char i, j;
   7   1      
   8   1        while(xms--)
   9   1        {
  10   2          i = 2;
  11   2          j = 239;
  12   2          do
  13   2          {
  14   3            while (--j);
  15   3          } while (--i);
  16   2        }
  17   1      }
  18          
  19          void Nixie(Location,Num)
  20          {
  21   1        switch(Location)
  22   1        {
  23   2          case 1:P2_4=1;P2_3=1;P2_2=1;break;
  24   2          case 2:P2_4=1;P2_3=1;P2_2=0;break;
  25   2          case 3:P2_4=1;P2_3=0;P2_2=1;break;
  26   2          case 4:P2_4=1;P2_3=0;P2_2=0;break;
  27   2          case 5:P2_4=0;P2_3=1;P2_2=1;break;
  28   2          case 6:P2_4=0;P2_3=1;P2_2=0;break;
  29   2          case 7:P2_4=0;P2_3=0;P2_2=1;break;
  30   2          case 8:P2_4=0;P2_3=0;P2_2=0;break;
  31   2        }
  32   1        P0=NixieTable[Num];
  33   1      }
  34          void main()
  35          {
  36   1        Nixie(4,2);
  37   1        while(1)
  38   1        {
  39   2          Nixie(Location,Num);
  40   2          if(P3_1==0)
  41   2          {
  42   3            Delay(20);
  43   3            while(P3_1==0);
  44   3            Delay(20);
  45   3            
  46   3            Location++;
  47   3            if(Location>8)
  48   3              Location=1;
  49   3          }
  50   2          if(P3_0==0)
  51   2          {
  52   3            Delay(20);
  53   3            while(P3_0==0);
  54   3            Delay(20);
C51 COMPILER V9.54   MAIN                                                                  03/07/2023 00:29:03 PAGE 2   

  55   3            
  56   3            Location--;
  57   3            if(Location<1)
  58   3              Location=8;
  59   3          }
  60   2          if(P3_2==0)
  61   2          {
  62   3            Delay(20);
  63   3            while(P3_2==0);
  64   3            Delay(20);
  65   3            
  66   3            Num++;
  67   3            if(Num>9)
  68   3              Num=0;
  69   3          }
  70   2          if(P3_3==0)
  71   2          {
  72   3            Delay(20);
  73   3            while(P3_3==0);
  74   3            Delay(20);
  75   3            
  76   3            Num--;
  77   3            if(Num<0)
  78   3              Num=9;
  79   3          }
  80   2        }
  81   1      }


MODULE INFORMATION:   STATIC OVERLAYABLE
   CODE SIZE        =    302    ----
   CONSTANT SIZE    =   ----    ----
   XDATA SIZE       =   ----    ----
   PDATA SIZE       =   ----    ----
   DATA SIZE        =     14    ----
   IDATA SIZE       =   ----    ----
   BIT SIZE         =   ----    ----
END OF MODULE INFORMATION.


C51 COMPILATION COMPLETE.  0 WARNING(S),  0 ERROR(S)
