C51 COMPILER V9.54   MAIN                                                                  03/05/2023 13:21:41 PAGE 1   


C51 COMPILER V9.54, COMPILATION OF MODULE MAIN
OBJECT MODULE PLACED IN .\Objects\main.obj
COMPILER INVOKED BY: D:\study\keil5\C51\BIN\C51.EXE main.c OPTIMIZE(8,SPEED) BROWSE DEBUG OBJECTEXTEND PRINT(.\Listings\
                    -main.lst) TABS(2) OBJECT(.\Objects\main.obj)

line level    source

   1          #include <REGX52.H>
   2          void Delay(unsigned int xms)    //@12.000MHz
   3          {
   4   1        while(xms--)
   5   1        {
   6   2              unsigned char i, j;
   7   2      
   8   2          i = 2;
   9   2          j = 239;
  10   2          do
  11   2          {
  12   3            while (--j);
  13   3          } while (--i);
  14   2        }
  15   1      
  16   1      }
  17          
  18          void main()
  19          {
  20   1        unsigned char LEDNum=0;
  21   1        P2=~0x01;
  22   1        while(1)
  23   1        {
  24   2          
  25   2          if(P3_1==0)
  26   2          {
  27   3            Delay(20);
  28   3            while(P3_1==0);
  29   3            Delay(20);
  30   3            
  31   3            LEDNum++;
  32   3            P2=~(0x01<<LEDNum);
  33   3            if(LEDNum>=8)
  34   3            {
  35   4              LEDNum=0;
  36   4              P2=~0x01;
  37   4            }
  38   3          }
  39   2          if(P3_0==0)
  40   2          {
  41   3            Delay(20);
  42   3            while(P3_0==0);
  43   3            Delay(20);
  44   3            
  45   3        
  46   3            if(LEDNum<=0)
  47   3              LEDNum=8;
  48   3            LEDNum--;
  49   3            P2=~(0x01<<LEDNum);   
  50   3          }
  51   2        }
  52   1      }


C51 COMPILER V9.54   MAIN                                                                  03/05/2023 13:21:41 PAGE 2   

MODULE INFORMATION:   STATIC OVERLAYABLE
   CODE SIZE        =    109    ----
   CONSTANT SIZE    =   ----    ----
   XDATA SIZE       =   ----    ----
   PDATA SIZE       =   ----    ----
   DATA SIZE        =   ----       2
   IDATA SIZE       =   ----    ----
   BIT SIZE         =   ----    ----
END OF MODULE INFORMATION.


C51 COMPILATION COMPLETE.  0 WARNING(S),  0 ERROR(S)
