C51 COMPILER V9.54   MAIN                                                                  03/12/2023 21:29:18 PAGE 1   


C51 COMPILER V9.54, COMPILATION OF MODULE MAIN
OBJECT MODULE PLACED IN .\Objects\main.obj
COMPILER INVOKED BY: D:\study\keil5\C51\BIN\C51.EXE main.c OPTIMIZE(8,SPEED) BROWSE DEBUG OBJECTEXTEND PRINT(.\Listings\
                    -main.lst) TABS(2) OBJECT(.\Objects\main.obj)

line level    source

   1          #include "Delay.h"
   2          #include "LCD1602.h"
   3          #include "MatrixKey.h"
   4          #include <REGX52.H>
   5          
   6          void main()
   7          {
   8   1      
   9   1          LCD_Init();
  10   1          LCD_ShowString(1,1,"Hello World");
  11   1        while(1)  
  12   1          {
  13   2          unsigned int Num=MatrixKey();
  14   2          Delay(20);
  15   2          LCD_ShowNum(2,1,Num,2);
  16   2          Delay(20);
  17   2        }
  18   1      }


MODULE INFORMATION:   STATIC OVERLAYABLE
   CODE SIZE        =     50    ----
   CONSTANT SIZE    =     12    ----
   XDATA SIZE       =   ----    ----
   PDATA SIZE       =   ----    ----
   DATA SIZE        =   ----       2
   IDATA SIZE       =   ----    ----
   BIT SIZE         =   ----    ----
END OF MODULE INFORMATION.


C51 COMPILATION COMPLETE.  0 WARNING(S),  0 ERROR(S)
