C51 COMPILER V9.54   MATIXKEY                                                              03/12/2023 21:17:32 PAGE 1   


C51 COMPILER V9.54, COMPILATION OF MODULE MATIXKEY
OBJECT MODULE PLACED IN .\Objects\MatixKey.obj
COMPILER INVOKED BY: D:\study\keil5\C51\BIN\C51.EXE MatixKey.c OPTIMIZE(8,SPEED) BROWSE DEBUG OBJECTEXTEND PRINT(.\Listi
                    -ngs\MatixKey.lst) TABS(2) OBJECT(.\Objects\MatixKey.obj)

line level    source

   1          #include "Delay.h"
   2          #include <REGX52.H>
   3          
   4          unsigned char MatrixKey()
   5          {
   6   1        unsigned char MatrixKeyNum=0;
   7   1        P1=0xFF;
   8   1        P1_3=0;
   9   1        if(P1_7==0){Delay(20);while(P1_7==0);Delay(20);MatrixKeyNum=1;}
  10   1        if(P1_6==0){Delay(20);while(P1_6==0);Delay(20);MatrixKeyNum=5;}
  11   1        if(P1_5==0){Delay(20);while(P1_5==0);Delay(20);MatrixKeyNum=9;}
  12   1        if(P1_4==0){Delay(20);while(P1_4==0);Delay(20);MatrixKeyNum=13;}
  13   1        
  14   1        P1=0xFF;
  15   1        P1_2=0;
  16   1        if(P1_7==0){Delay(20);while(P1_7==0);Delay(20);MatrixKeyNum=2;}
  17   1        if(P1_6==0){Delay(20);while(P1_6==0);Delay(20);MatrixKeyNum=6;}
  18   1        if(P1_5==0){Delay(20);while(P1_5==0);Delay(20);MatrixKeyNum=10;}
  19   1        if(P1_4==0){Delay(20);while(P1_4==0);Delay(20);MatrixKeyNum=14;}
  20   1        
  21   1        P1=0xFF;
  22   1        P1_1=0;
  23   1        if(P1_7==0){Delay(20);while(P1_7==0);Delay(20);MatrixKeyNum=3;}
  24   1        if(P1_6==0){Delay(20);while(P1_6==0);Delay(20);MatrixKeyNum=7;}
  25   1        if(P1_5==0){Delay(20);while(P1_5==0);Delay(20);MatrixKeyNum=11;}
  26   1        if(P1_4==0){Delay(20);while(P1_4==0);Delay(20);MatrixKeyNum=15;}
  27   1        
  28   1        P1=0xFF;
  29   1        P1_0=0;
  30   1        if(P1_7==0){Delay(20);while(P1_7==0);Delay(20);MatrixKeyNum=4;}
  31   1        if(P1_6==0){Delay(20);while(P1_6==0);Delay(20);MatrixKeyNum=8;}
  32   1        if(P1_5==0){Delay(20);while(P1_5==0);Delay(20);MatrixKeyNum=12;}
  33   1        if(P1_4==0){Delay(20);while(P1_4==0);Delay(20);MatrixKeyNum=16;}
  34   1        
  35   1        return MatrixKeyNum;
  36   1      }


MODULE INFORMATION:   STATIC OVERLAYABLE
   CODE SIZE        =    330    ----
   CONSTANT SIZE    =   ----    ----
   XDATA SIZE       =   ----    ----
   PDATA SIZE       =   ----    ----
   DATA SIZE        =   ----       1
   IDATA SIZE       =   ----    ----
   BIT SIZE         =   ----    ----
END OF MODULE INFORMATION.


C51 COMPILATION COMPLETE.  0 WARNING(S),  0 ERROR(S)
