C51 COMPILER V9.54   MATRIXKEY                                                             03/12/2023 21:30:41 PAGE 1   


C51 COMPILER V9.54, COMPILATION OF MODULE MATRIXKEY
OBJECT MODULE PLACED IN .\Objects\MatrixKey.obj
COMPILER INVOKED BY: D:\study\keil5\C51\BIN\C51.EXE MatrixKey.c OPTIMIZE(8,SPEED) BROWSE DEBUG OBJECTEXTEND PRINT(.\List
                    -ings\MatrixKey.lst) TABS(2) OBJECT(.\Objects\MatrixKey.obj)

line level    source

   1          #include "Delay.h"
   2          #include <REGX52.H>
   3          unsigned char MatrixKeyNum=0;
   4          unsigned char MatrixKey()
   5          {
   6   1        P1=0xFF;
   7   1        P1_3=0;
   8   1        if(P1_7==0){Delay(20);while(P1_7==0);Delay(20);MatrixKeyNum=1;}
   9   1        if(P1_6==0){Delay(20);while(P1_6==0);Delay(20);MatrixKeyNum=5;}
  10   1        if(P1_5==0){Delay(20);while(P1_5==0);Delay(20);MatrixKeyNum=9;}
  11   1        if(P1_4==0){Delay(20);while(P1_4==0);Delay(20);MatrixKeyNum=13;}
  12   1        
  13   1        P1=0xFF;
  14   1        P1_2=0;
  15   1        if(P1_7==0){Delay(20);while(P1_7==0);Delay(20);MatrixKeyNum=2;}
  16   1        if(P1_6==0){Delay(20);while(P1_6==0);Delay(20);MatrixKeyNum=6;}
  17   1        if(P1_5==0){Delay(20);while(P1_5==0);Delay(20);MatrixKeyNum=10;}
  18   1        if(P1_4==0){Delay(20);while(P1_4==0);Delay(20);MatrixKeyNum=14;}
  19   1        
  20   1        P1=0xFF;
  21   1        P1_1=0;
  22   1        if(P1_7==0){Delay(20);while(P1_7==0);Delay(20);MatrixKeyNum=3;}
  23   1        if(P1_6==0){Delay(20);while(P1_6==0);Delay(20);MatrixKeyNum=7;}
  24   1        if(P1_5==0){Delay(20);while(P1_5==0);Delay(20);MatrixKeyNum=11;}
  25   1        if(P1_4==0){Delay(20);while(P1_4==0);Delay(20);MatrixKeyNum=15;}
  26   1        
  27   1        P1=0xFF;
  28   1        P1_0=0;
  29   1        if(P1_7==0){Delay(20);while(P1_7==0);Delay(20);MatrixKeyNum=4;}
  30   1        if(P1_6==0){Delay(20);while(P1_6==0);Delay(20);MatrixKeyNum=8;}
  31   1        if(P1_5==0){Delay(20);while(P1_5==0);Delay(20);MatrixKeyNum=12;}
  32   1        if(P1_4==0){Delay(20);while(P1_4==0);Delay(20);MatrixKeyNum=16;}
  33   1        
  34   1        return MatrixKeyNum;
  35   1      }


MODULE INFORMATION:   STATIC OVERLAYABLE
   CODE SIZE        =    327    ----
   CONSTANT SIZE    =   ----    ----
   XDATA SIZE       =   ----    ----
   PDATA SIZE       =   ----    ----
   DATA SIZE        =      1    ----
   IDATA SIZE       =   ----    ----
   BIT SIZE         =   ----    ----
END OF MODULE INFORMATION.


C51 COMPILATION COMPLETE.  0 WARNING(S),  0 ERROR(S)
