C51 COMPILER V9.54   MAIN                                                                  03/02/2023 19:43:02 PAGE 1   


C51 COMPILER V9.54, COMPILATION OF MODULE MAIN
OBJECT MODULE PLACED IN .\Objects\main.obj
COMPILER INVOKED BY: D:\study\keil5\C51\BIN\C51.EXE main.c OPTIMIZE(8,SPEED) BROWSE DEBUG OBJECTEXTEND PRINT(.\Listings\
                    -main.lst) TABS(2) OBJECT(.\Objects\main.obj)

line level    source

   1          #include <REGX52.H>
   2          
   3          void Delay(xms)   //@12.000MHz
   4          {
   5   1        while(xms--)
   6   1        {
   7   2              unsigned char i, j;
   8   2      
   9   2          i = 2;
  10   2          j = 239;
  11   2          do
  12   2          {
  13   3            while (--j);
  14   3          } while (--i);
  15   2        }
  16   1      }
  17          void main()
  18          {
  19   1        unsigned char LEDnum=0;
  20   1        while(1)
  21   1        {
  22   2          if(P3_1==0)
  23   2          {
  24   3            Delay(20);
  25   3            while(P3_1==0);
  26   3            Delay(20);
  27   3            LEDnum++;
  28   3            P2=~LEDnum;
  29   3          }
  30   2        }
  31   1      }


MODULE INFORMATION:   STATIC OVERLAYABLE
   CODE SIZE        =     54    ----
   CONSTANT SIZE    =   ----    ----
   XDATA SIZE       =   ----    ----
   PDATA SIZE       =   ----    ----
   DATA SIZE        =   ----       2
   IDATA SIZE       =   ----    ----
   BIT SIZE         =   ----    ----
END OF MODULE INFORMATION.


C51 COMPILATION COMPLETE.  0 WARNING(S),  0 ERROR(S)
